commit 905fa7012b5c15bf8fe2d4aab2be42238466a93c
Author: jqf <393891906@qq.com>
Date:   Mon Jul 2 21:10:48 2018 +0800

    clear folder

commit 69dc76cc338a603931686cd57347eb98dd93c599
Author: jqf <393891906@qq.com>
Date:   Mon Jul 2 19:51:14 2018 +0800

    second modify readme.md

commit d4bf438e6976bcef109ebc01918726fa9711482c
Author: jqf <393891906@qq.com>
Date:   Mon Jul 2 19:46:08 2018 +0800

    first commit

commit 0404f6d329114c8d4097d4ba6d693d7d0c424cf5
Author: jqf <393891906@qq.com>
Date:   Mon Jul 2 16:55:52 2018 +0800

    commit changes 第1次修改 readme.md

commit 020f1ce35b4eb2e22ffb973f1ca0719c01058f49
Author: jqf <393891906@qq.com>
Date:   Mon Jul 2 16:50:21 2018 +0800

    add new file readme.md
